<?xml version="1.0" encoding="UTF-8"?>
<testng-results ignored="0" total="1" passed="1" failed="0" skipped="0">
  <reporter-output>
  </reporter-output>
  <suite started-at="2022-10-16T16:41:13 IST" name="Default suite" finished-at="2022-10-16T16:42:41 IST" duration-ms="87440">
    <groups>
    </groups>
    <test started-at="2022-10-16T16:41:13 IST" name="Default test" finished-at="2022-10-16T16:42:41 IST" duration-ms="87440">
      <class name="com.vtiger.login.FlipakartsMobilesBrand$FlipkartMobilesBrandClickNext">
        <test-method signature="getAllProducts()[pri:0, instance:com.vtiger.login.FlipakartsMobilesBrand$FlipkartMobilesBrandClickNext@5d7148e2]" started-at="2022-10-16T16:41:13 IST" name="getAllProducts" finished-at="2022-10-16T16:42:41 IST" duration-ms="87412" status="PASS">
          <reporter-output>
          </reporter-output>
        </test-method> <!-- getAllProducts -->
      </class> <!-- com.vtiger.login.FlipakartsMobilesBrand$FlipkartMobilesBrandClickNext -->
    </test> <!-- Default test -->
  </suite> <!-- Default suite -->
</testng-results>
